Vercel CLI 54.9.1 (Node.js 22.22.3)

  Set up "/tmp/adam-vault"
Loading user…
Loading team…
Searching for existing projects…
  Detected Next.js (Build Command: next build, Output Directory: Next.js default)
  Linked      adam-semiens-projects/adam-vault
> Connecting GitHub repository: https://github.com/adamsemien/adam-vault
> Connected
Deploying adam-semiens-projects/adam-vault
Uploading [--------------------] (0.0B/475.1KB)
Uploading [=====---------------] (123.8KB/475.1KB)
Uploading [==========----------] (241.1KB/475.1KB)
Uploading [===============-----] (358.9KB/475.1KB)
Uploading [====================] (475.1KB/475.1KB)
  Inspect     https://vercel.com/adam-semiens-projects/adam-vault/9zuzQzVCfWJkpCf4Ko6wvpXy3Ndi
▲ Production  https://adam-vault-4jv09othy-adam-semiens-projects.vercel.app
https://adam-vault-4jv09othy-adam-semiens-projects.vercel.appBuilding…
Building…
Running build in Washington, D.C., USA (East) – iad1
Build machine configuration: 2 cores, 8 GB
Retrieving list of deployment files...
Previous build caches not available.
Downloading 68 deployment files...
Running "vercel build"
Vercel CLI 54.9.0
Installing dependencies...
npm warn deprecated rimraf@3.0.2: Rimraf versions prior to v4 are no longer supported
npm warn deprecated npmlog@5.0.1: This package is no longer supported.
npm warn deprecated inflight@1.0.6: This module is not supported, and leaks memory. Do not use it. Check out lru-cache if you want a good and tested way to coalesce async requests by a key value, which is much more comprehensive and powerful.
npm warn deprecated glob@7.2.3: Old versions of glob are not supported, and contain widely publicized security vulnerabilities, which have been fixed in the current version. Please update. Support for old versions may be purchased (at exorbitant rates) by contacting i@izs.me
npm warn deprecated gauge@3.0.2: This package is no longer supported.
npm warn deprecated are-we-there-yet@2.0.0: This package is no longer supported.
npm warn deprecated tar@6.2.1: Old versions of tar are not supported, and contain widely publicized security vulnerabilities, which have been fixed in the current version. Please update. Support for old versions may be purchased (at exorbitant rates) by contacting i@izs.me
added 428 packages in 14s
151 packages are looking for funding
run `npm fund` for details
Detected Next.js version: 16.2.7
Running "npm run build"
> adam-vault@0.1.0 build
> next build
Applying modifyConfig from Vercel
Attention: Next.js now collects completely anonymous telemetry regarding usage.
This information is used to shape Next.js' roadmap and prioritize features.
You can learn more, including how to opt-out if you'd not like to participate in this anonymous program, by visiting the following URL:
https://nextjs.org/telemetry
▲ Next.js 16.2.7 (Turbopack)
⚠ The "middleware" file convention is deprecated. Please use "proxy" instead. Learn more: https://nextjs.org/docs/messages/middleware-to-proxy
Creating an optimized production build ...
✓ Compiled successfully in 5.8s
Running TypeScript ...
Finished TypeScript in 3.7s ...
Collecting page data using 1 worker ...
Error: Missing Supabase environment variables
at module evaluation (.next/server/chunks/lib_supabase_ts_0-rehc3._.js:37:55809)
at instantiateModule (.next/server/chunks/[turbopack]_runtime.js:853:9)
at getOrInstantiateModuleFromParent (.next/server/chunks/[turbopack]_runtime.js:877:12)
at Context.esmImport [as i] (.next/server/chunks/[turbopack]_runtime.js:281:20)
at module evaluation (.next/server/chunks/[root-of-the-server]__1twxori._.js:1:2470)
at instantiateModule (.next/server/chunks/[turbopack]_runtime.js:853:9)
at instantiateRuntimeModule (.next/server/chunks/[turbopack]_runtime.js:882:12)
at getOrInstantiateRuntimeModule (.next/server/chunks/[turbopack]_runtime.js:895:12)
at Object.m (.next/server/chunks/[turbopack]_runtime.js:898:18)
at Object.<anonymous> (.next/server/app/api/audit-log/route.js:6:3)
> Build error occurred
Error: Failed to collect page data for /api/audit-log
at ignore-listed frames {
type: 'Error'
}
Error: Command "npm run build" exited with 1
Error: Command "npm run build" exited with 1
Vercel CLI 54.9.1 (Node.js 22.22.3)
Retrieving project…
Deploying adam-semiens-projects/adam-vault
Uploading [--------------------] (0.0B/5.6KB)
Uploading [===============-----] (4.2KB/5.6KB)
Uploading [====================] (5.6KB/5.6KB)
  Inspect     https://vercel.com/adam-semiens-projects/adam-vault/BLcbgftQ7ko2htrUWePQf5fMnXDq
▲ Production  https://adam-vault-ip1tm5xlu-adam-semiens-projects.vercel.app
https://adam-vault-ip1tm5xlu-adam-semiens-projects.vercel.appBuilding…
Building…
[2K[1A[2K[G▲ Production  https://adam-vault-ip1tm5xlu-adam-semiens-projects.vercel.app
Completing…
▲ Aliased     https://adam-vault.vercel.app

✓ Ready in 40s
